++ id -u huicong
++ id -g huicong
+ docker build -t magma/windranger/libpng_4_1 --build-arg fuzzer_name=windranger --build-arg corpus_name=libpng/libpng_read_fuzzer --build-arg target_name=libpng_4_1 --build-arg USER_ID=1000 --build-arg GROUP_ID=1000 --build-arg canaries=1 --build-arg isan=1 -f /home/huicong/research/tosem/ContinuousFuzzBench/docker/Dockerfile /home/huicong/research/tosem/ContinuousFuzzBench
#0 building with "default" instance using docker driver

#1 [internal] load build definition from Dockerfile
#1 transferring dockerfile: 4.19kB done
#1 DONE 0.0s

#2 [internal] load metadata for docker.io/library/ubuntu:22.04
#2 DONE 0.6s

#3 [internal] load .dockerignore
#3 transferring context: 47B done
#3 DONE 0.0s

#4 [ 1/25] FROM docker.io/library/ubuntu:22.04@sha256:3c61d3759c2639d4b836d32a2d3c83fa0214e36f195a3421018dbaaf79cbe37f
#4 DONE 0.0s

#5 [internal] load build context
#5 transferring context: 350.83kB 0.1s done
#5 DONE 0.1s

#6 [ 3/25] RUN mkdir -p /home && 	groupadd -g 1000 magma && 	useradd -l -u 1000 -K UMASK=0000 -d /home -g magma magma && 	chown magma:magma /home
#6 CACHED

#7 [12/25] RUN /magma/magma/prebuild.sh
#7 CACHED

#8 [ 7/25] RUN chown magma:magma /usr/local/
#8 CACHED

#9 [16/25] RUN /magma/fuzzers/windranger/fetch.sh
#9 CACHED

#10 [17/25] RUN /magma/fuzzers/windranger/build.sh
#10 CACHED

#11 [21/25] RUN /magma/targets/libpng_4_1/fetch.sh
#11 CACHED

#12 [ 8/25] RUN mkdir -p /usr/lib/bfd-plugins/ && 	chown magma:magma /usr/lib/bfd-plugins/
#12 CACHED

#13 [10/25] COPY --chown=magma:magma .//magma /magma/magma/
#13 CACHED

#14 [15/25] RUN /magma/fuzzers/windranger/preinstall.sh
#14 CACHED

#15 [13/25] RUN mkdir -p /magma/fuzzers/windranger && chown magma:magma /magma/fuzzers/windranger
#15 CACHED

#16 [22/25] RUN /magma/magma/apply_patches.sh
#16 CACHED

#17 [ 4/25] RUN	ECHO "magma:amgam" | chpasswd && usermod -a -G sudo magma
#17 CACHED

#18 [ 9/25] RUN mkdir -p /magma/magma && chown magma:magma /magma/magma
#18 CACHED

#19 [ 2/25] RUN apt-get update && apt-get install -y sudo vim
#19 CACHED

#20 [ 6/25] RUN chown magma:magma /usr/include/
#20 CACHED

#21 [14/25] COPY --chown=magma:magma .//fuzzers/windranger /magma/fuzzers/windranger/
#21 CACHED

#22 [11/25] RUN /magma/magma/preinstall.sh
#22 CACHED

#23 [18/25] RUN mkdir -p /magma/targets/libpng_4_1 && chown magma:magma /magma/targets/libpng_4_1
#23 CACHED

#24 [ 5/25] RUN mkdir -p /magma_shared /magma_out && 	chown magma:magma /magma_shared /magma_out && 	chmod 744 /magma_shared /magma_out
#24 CACHED

#25 [20/25] RUN /magma/targets/libpng_4_1/preinstall.sh
#25 CACHED

#26 [23/25] RUN mkdir -p /magma/targets/libpng_4_1/corpus/seed && chown magma:magma /magma/targets/libpng_4_1/corpus/seed
#26 CACHED

#27 [19/25] COPY --chown=magma:magma .//targets/libpng_4_1 /magma/targets/libpng_4_1/
#27 CACHED

#28 [24/25] COPY --chown=magma:magma .//seed/libpng/libpng_read_fuzzer /magma/targets/libpng_4_1/corpus/seed/
#28 CACHED

#29 [25/25] RUN /magma/fuzzers/windranger/instrument.sh
#29 CACHED

#30 exporting to image
#30 exporting layers done
#30 writing image sha256:689e6d0eaa555e75d36835e46a3b21c810cffa4767b3cfc247e9df54eb7efd7f done
#30 naming to docker.io/magma/windranger/libpng_4_1 done
#30 DONE 0.0s

 [33m19 warnings found (use docker --debug to expand):
[0m - LegacyKeyValueFormat: "ENV key=value" should be used instead of legacy "ENV key value" format (line 27)
 - LegacyKeyValueFormat: "ENV key=value" should be used instead of legacy "ENV key value" format (line 58)
 - LegacyKeyValueFormat: "ENV key=value" should be used instead of legacy "ENV key value" format (line 71)
 - JSONArgsRecommended: JSON arguments recommended for ENTRYPOINT to prevent unintended behavior related to OS signals (line 132)
 - LegacyKeyValueFormat: "ENV key=value" should be used instead of legacy "ENV key value" format (line 20)
 - LegacyKeyValueFormat: "ENV key=value" should be used instead of legacy "ENV key value" format (line 22)
 - LegacyKeyValueFormat: "ENV key=value" should be used instead of legacy "ENV key value" format (line 28)
 - LegacyKeyValueFormat: "ENV key=value" should be used instead of legacy "ENV key value" format (line 82)
 - LegacyKeyValueFormat: "ENV key=value" should be used instead of legacy "ENV key value" format (line 126)
 - LegacyKeyValueFormat: "ENV key=value" should be used instead of legacy "ENV key value" format (line 127)
 - LegacyKeyValueFormat: "ENV key=value" should be used instead of legacy "ENV key value" format (line 18)
 - LegacyKeyValueFormat: "ENV key=value" should be used instead of legacy "ENV key value" format (line 19)
 - LegacyKeyValueFormat: "ENV key=value" should be used instead of legacy "ENV key value" format (line 23)
 - LegacyKeyValueFormat: "ENV key=value" should be used instead of legacy "ENV key value" format (line 24)
 - LegacyKeyValueFormat: "ENV key=value" should be used instead of legacy "ENV key value" format (line 125)
 - LegacyKeyValueFormat: "ENV key=value" should be used instead of legacy "ENV key value" format (line 128)
 - LegacyKeyValueFormat: "ENV key=value" should be used instead of legacy "ENV key value" format (line 25)
 - LegacyKeyValueFormat: "ENV key=value" should be used instead of legacy "ENV key value" format (line 26)
 - LegacyKeyValueFormat: "ENV key=value" should be used instead of legacy "ENV key value" format (line 48)
+ set +x
magma/windranger/libpng_4_1
